<?xml version="1.0" encoding="UTF-8"?>
<!-- Generated by org.testng.reporters.JUnitReportReporter -->
<testsuite hostname="DESKTOP-SCDSB37" failures="0" tests="1" name="com.worldillustrated.TestCases.ContentDetailsTest" time="351.182" errors="0" timestamp="2021-05-14T15:54:38 CEST" skipped="0">
  <testcase classname="com.worldillustrated.TestCases.ContentDetailsTest" name="ContentDetails_TC019" time="351.182"/>
  <system-out/>
</testsuite> <!-- com.worldillustrated.TestCases.ContentDetailsTest -->
