<?xml version="1.0" encoding="UTF-8"?>
<!-- Generated by org.testng.reporters.JUnitReportReporter -->
<testsuite hostname="DESKTOP-SCDSB37" failures="0" tests="1" name="com.worldillustrated.TestCases.LoginTest" time="160.680" errors="0" timestamp="2021-06-14T15:09:28 CEST" skipped="0">
  <testcase classname="com.worldillustrated.TestCases.LoginTest" name="Login_TC014" time="160.680"/>
  <system-out/>
</testsuite> <!-- com.worldillustrated.TestCases.LoginTest -->
