<?xml version="1.0" encoding="UTF-8"?>
<!-- Generated by org.testng.reporters.JUnitReportReporter -->
<testsuite hostname="DESKTOP-VI9DBK6" failures="0" tests="1" name="com.worldillustrated.TestCases.SearchTests" time="34.528" errors="0" timestamp="2021-12-02T10:49:56 EET" skipped="0">
  <testcase classname="com.worldillustrated.TestCases.SearchTests" name="Search_TC001" time="34.528"/>
  <system-out/>
</testsuite> <!-- com.worldillustrated.TestCases.SearchTests -->
