<?xml version="1.0" encoding="UTF-8"?>
<!-- Generated by org.testng.reporters.JUnitReportReporter -->
<testsuite hostname="DESKTOP-SCDSB37" failures="0" tests="1" name="com.worldillustrated.TestCases.RegistrationContributorTest" time="111.254" errors="0" timestamp="2021-05-28T10:39:15 CEST" skipped="0">
  <testcase classname="com.worldillustrated.TestCases.RegistrationContributorTest" name="Registration_TC002" time="111.254"/>
  <system-out/>
</testsuite> <!-- com.worldillustrated.TestCases.RegistrationContributorTest -->
