<?xml version="1.0" encoding="UTF-8"?>
<!-- Generated by org.testng.reporters.JUnitReportReporter -->
<testsuite hostname="DESKTOP-SCDSB37" failures="0" tests="5" name="com.worldillustrated.TestCases.UsersTest" time="174.402" errors="0" timestamp="2021-05-26T11:12:39 CEST" skipped="0">
  <testcase classname="com.worldillustrated.TestCases.UsersTest" name="Users_TC022" time="36.064"/>
  <system-out/>
  <testcase classname="com.worldillustrated.TestCases.UsersTest" name="Users_TC023" time="35.509"/>
  <system-out/>
  <testcase classname="com.worldillustrated.TestCases.UsersTest" name="Users_TC021" time="33.243"/>
  <system-out/>
  <testcase classname="com.worldillustrated.TestCases.UsersTest" name="Users_TC019" time="42.343"/>
  <system-out/>
  <testcase classname="com.worldillustrated.TestCases.UsersTest" name="Users_TC020" time="27.243"/>
  <system-out/>
</testsuite> <!-- com.worldillustrated.TestCases.UsersTest -->
