<?xml version="1.0" encoding="UTF-8"?>
<!-- Generated by org.testng.reporters.JUnitReportReporter -->
<testsuite hostname="DESKTOP-SCDSB37" failures="0" tests="1" name="com.worldillustrated.TestCases.PrivateRoutesTest" time="59.443" errors="0" timestamp="2021-04-22T15:50:35 CEST" skipped="0">
  <testcase classname="com.worldillustrated.TestCases.PrivateRoutesTest" name="PrivateRoutes_TC002" time="59.443"/>
  <system-out/>
</testsuite> <!-- com.worldillustrated.TestCases.PrivateRoutesTest -->
