<?xml version="1.0" encoding="UTF-8"?>
<!-- Generated by org.testng.reporters.JUnitReportReporter -->
<testsuite hostname="DESKTOP-SCDSB37" failures="0" tests="1" name="com.worldillustrated.TestCases.RegistrationTest" time="79.803" errors="0" timestamp="2021-02-05T15:30:43 CET" skipped="0">
  <testcase classname="com.worldillustrated.TestCases.RegistrationTest" name="Registration_TC015" time="79.803"/>
  <system-out/>
</testsuite> <!-- com.worldillustrated.TestCases.RegistrationTest -->
