<?xml version="1.0" encoding="UTF-8"?>
<!-- Generated by org.testng.reporters.JUnitReportReporter -->
<testsuite hostname="DESKTOP-SCDSB37" failures="0" tests="1" name="com.worldillustrated.TestCases.ContentUploadFTPFlow" time="175.269" errors="0" timestamp="2021-03-29T13:35:54 CEST" skipped="0">
  <testcase classname="com.worldillustrated.TestCases.ContentUploadFTPFlow" name="ContentUploadFTPFlow_TC001" time="175.269"/>
  <system-out/>
</testsuite> <!-- com.worldillustrated.TestCases.ContentUploadFTPFlow -->
