<?xml version="1.0" encoding="UTF-8"?>
<!-- Generated by org.testng.reporters.JUnitReportReporter -->
<testsuite hostname="DESKTOP-SCDSB37" failures="0" tests="2" name="com.worldillustrated.TestCases.ContentUploadFlowWaitingListTest" time="223.364" errors="0" timestamp="2021-04-19T14:23:00 CEST" skipped="0">
  <testcase classname="com.worldillustrated.TestCases.ContentUploadFlowWaitingListTest" name="WaitingList_TC015" time="139.241"/>
  <system-out/>
  <testcase classname="com.worldillustrated.TestCases.ContentUploadFlowWaitingListTest" name="verifyStatus" time="84.123"/>
  <system-out/>
</testsuite> <!-- com.worldillustrated.TestCases.ContentUploadFlowWaitingListTest -->
