<?xml version="1.0" encoding="UTF-8"?>
<!-- Generated by org.testng.reporters.JUnitReportReporter -->
<testsuite hostname="DESKTOP-SCDSB37" failures="0" tests="1" name="com.worldillustrated.TestCases.RequestingApprovingSFTPTest" time="101.481" errors="0" timestamp="2021-03-29T12:47:01 CEST" skipped="0">
  <testcase classname="com.worldillustrated.TestCases.RequestingApprovingSFTPTest" name="RequestingApprovingSFTP_TC003" time="101.481"/>
  <system-out/>
</testsuite> <!-- com.worldillustrated.TestCases.RequestingApprovingSFTPTest -->
