<?xml version="1.0" encoding="UTF-8"?>
<!-- Generated by org.testng.reporters.JUnitReportReporter -->
<testsuite hostname="DESKTOP-SCDSB37" failures="0" tests="1" name="com.worldillustrated.TestCases.ContentUploadFTPFlowTest" time="180.193" errors="0" timestamp="2021-04-02T15:35:38 CEST" skipped="0">
  <testcase classname="com.worldillustrated.TestCases.ContentUploadFTPFlowTest" name="ContentUploadFTPFlow_TC021" time="180.193"/>
  <system-out/>
</testsuite> <!-- com.worldillustrated.TestCases.ContentUploadFTPFlowTest -->
