<?xml version="1.0" encoding="UTF-8"?>
<!-- Generated by org.testng.reporters.JUnitReportReporter -->
<testsuite skipped="0" hostname="DESKTOP-VI9DBK6" name="com.worldillustrated.TestCases.OnboardingPromemberTests" tests="1" failures="0" timestamp="2021-11-16T12:21:30 EET" time="63.585" errors="0">
  <testcase name="OnboardingPromember_TC023" time="63.585" classname="com.worldillustrated.TestCases.OnboardingPromemberTests"/>
  <system-out/>
</testsuite> <!-- com.worldillustrated.TestCases.OnboardingPromemberTests -->
